<?xml version="1.0" encoding="UTF-8"?>
<testng-results ignored="0" total="1" passed="1" failed="0" skipped="0">
  <reporter-output>
  </reporter-output>
  <suite started-at="2023-01-03T14:30:23 IST" name="Default suite" finished-at="2023-01-03T14:31:02 IST" duration-ms="39246">
    <groups>
    </groups>
    <test started-at="2023-01-03T14:30:23 IST" name="Default test" finished-at="2023-01-03T14:31:02 IST" duration-ms="39246">
      <class name="com.inet.TestCases.Login_TestCase001">
        <test-method is-config="true" signature="setup()[pri:0, instance:com.inet.TestCases.Login_TestCase001@6c1a5b54]" started-at="2023-01-03T14:30:23 IST" name="setup" finished-at="2023-01-03T14:30:28 IST" duration-ms="4801" status="PASS">
          <reporter-output>
          </reporter-output>
        </test-method> <!-- setup -->
        <test-method signature="Login_test()[pri:0, instance:com.inet.TestCases.Login_TestCase001@6c1a5b54]" started-at="2023-01-03T14:30:28 IST" name="Login_test" finished-at="2023-01-03T14:31:02 IST" duration-ms="33761" status="PASS">
          <reporter-output>
          </reporter-output>
        </test-method> <!-- Login_test -->
        <test-method is-config="true" signature="teardown()[pri:0, instance:com.inet.TestCases.Login_TestCase001@6c1a5b54]" started-at="2023-01-03T14:31:02 IST" name="teardown" finished-at="2023-01-03T14:31:02 IST" duration-ms="585" status="PASS">
          <reporter-output>
          </reporter-output>
        </test-method> <!-- teardown -->
      </class> <!-- com.inet.TestCases.Login_TestCase001 -->
    </test> <!-- Default test -->
  </suite> <!-- Default suite -->
</testng-results>
